[1225/180745.516:ERROR:process_memory_win.cc(73)] ReadMemory at 0x7ff7ef460000 of 64 bytes failed: Only part of a ReadProcessMemory or WriteProcessMemory request was completed. (0x12B)
[1225/180747.698:WARNING:pe_image_reader.cc(340)] could not read dos header from C:\Program Files (x86)\Google\Chrome\Application\chrome.exe
[1225/180747.698:ERROR:process_memory_win.cc(73)] ReadMemory at 0x7ffbb9220000 of 64 bytes failed: Only part of a ReadProcessMemory or WriteProcessMemory request was completed. (0x12B)
[1225/180747.698:WARNING:pe_image_reader.cc(340)] could not read dos header from C:\WINDOWS\SYSTEM32\ntdll.dll
[1225/180747.698:ERROR:process_memory_win.cc(73)] ReadMemory at 0x7ffbb7a90000 of 64 bytes failed: Only part of a ReadProcessMemory or WriteProcessMemory request was completed. (0x12B)
[1225/180748.323:WARNING:pe_image_reader.cc(340)] could not read dos header from C:\WINDOWS\System32\KERNEL32.DLL
[1225/180748.323:ERROR:process_memory_win.cc(73)] ReadMemory at 0x7ffbb6d70000 of 64 bytes failed: Only part of a ReadProcessMemory or WriteProcessMemory request was completed. (0x12B)
[1225/180748.323:WARNING:pe_image_reader.cc(340)] could not read dos header from C:\WINDOWS\System32\KERNELBASE.dll
[1225/180748.323:ERROR:process_memory_win.cc(73)] ReadMemory at 0x7ffb78b00000 of 64 bytes failed: Only part of a ReadProcessMemory or WriteProcessMemory request was completed. (0x12B)
[1225/180748.323:WARNING:pe_image_reader.cc(340)] could not read dos header from C:\Program Files (x86)\Google\Chrome\Application\79.0.3945.88\chrome_elf.dll
[1225/180748.323:ERROR:process_memory_win.cc(73)] ReadMemory at 0x7ffbb5130000 of 64 bytes failed: Only part of a ReadProcessMemory or WriteProcessMemory request was completed. (0x12B)
[1225/180748.323:WARNING:pe_image_reader.cc(340)] could not read dos header from C:\WINDOWS\SYSTEM32\VERSION.dll
[1225/180748.323:ERROR:process_memory_win.cc(73)] ReadMemory at 0x7ffbb73f0000 of 64 bytes failed: Only part of a ReadProcessMemory or WriteProcessMemory request was completed. (0x12B)
[1225/180748.323:WARNING:pe_image_reader.cc(340)] could not read dos header from C:\WINDOWS\System32\msvcrt.dll
[1225/180748.323:ERROR:process_memory_win.cc(73)] ReadMemory at 0x7ffbb7220000 of 64 bytes failed: Only part of a ReadProcessMemory or WriteProcessMemory request was completed. (0x12B)
[1225/180748.323:WARNING:pe_image_reader.cc(340)] could not read dos header from C:\WINDOWS\System32\bcryptPrimitives.dll
[1225/180748.323:ERROR:process_memory_win.cc(73)] ReadMemory at 0x7ffbb7490000 of 64 bytes failed: Only part of a ReadProcessMemory or WriteProcessMemory request was completed. (0x12B)
[1225/180748.323:WARNING:pe_image_reader.cc(340)] could not read dos header from C:\WINDOWS\System32\ADVAPI32.dll
[1225/180748.323:ERROR:process_memory_win.cc(73)] ReadMemory at 0x7ffbb7bb0000 of 64 bytes failed: Only part of a ReadProcessMemory or WriteProcessMemory request was completed. (0x12B)
[1225/180748.323:WARNING:pe_image_reader.cc(340)] could not read dos header from C:\WINDOWS\System32\sechost.dll
[1225/180748.323:ERROR:process_memory_win.cc(73)] ReadMemory at 0x7ffbb72d0000 of 64 bytes failed: Only part of a ReadProcessMemory or WriteProcessMemory request was completed. (0x12B)
[1225/180748.323:WARNING:pe_image_reader.cc(340)] could not read dos header from C:\WINDOWS\System32\RPCRT4.dll
[1225/180748.323:ERROR:process_memory_win.cc(73)] ReadMemory at 0x7ffb6d650000 of 64 bytes failed: Only part of a ReadProcessMemory or WriteProcessMemory request was completed. (0x12B)
[1225/180748.323:WARNING:pe_image_reader.cc(340)] could not read dos header from C:\Program Files (x86)\Google\Chrome\Application\79.0.3945.88\chrome_child.dll
[1225/180748.323:ERROR:process_memory_win.cc(73)] ReadMemory at 0x7ffbb7540000 of 64 bytes failed: Only part of a ReadProcessMemory or WriteProcessMemory request was completed. (0x12B)
[1225/180748.323:WARNING:pe_image_reader.cc(340)] could not read dos header from C:\WINDOWS\System32\OLEAUT32.dll
[1225/180748.324:ERROR:process_memory_win.cc(73)] ReadMemory at 0x7ffbb7180000 of 64 bytes failed: Only part of a ReadProcessMemory or WriteProcessMemory request was completed. (0x12B)
[1225/180748.324:WARNING:pe_image_reader.cc(340)] could not read dos header from C:\WINDOWS\System32\msvcp_win.dll
[1225/180748.324:ERROR:process_memory_win.cc(73)] ReadMemory at 0x7ffbb6c70000 of 64 bytes failed: Only part of a ReadProcessMemory or WriteProcessMemory request was completed. (0x12B)
[1225/180748.324:WARNING:pe_image_reader.cc(340)] could not read dos header from C:\WINDOWS\System32\ucrtbase.dll
[1225/180748.324:ERROR:process_memory_win.cc(73)] ReadMemory at 0x7ffbb7750000 of 64 bytes failed: Only part of a ReadProcessMemory or WriteProcessMemory request was completed. (0x12B)
[1225/180748.324:WARNING:pe_image_reader.cc(340)] could not read dos header from C:\WINDOWS\System32\combase.dll
[1225/180748.324:ERROR:process_memory_win.cc(73)] ReadMemory at 0x7ffbb7f00000 of 64 bytes failed: Only part of a ReadProcessMemory or WriteProcessMemory request was completed. (0x12B)
[1225/180748.324:WARNING:pe_image_reader.cc(340)] could not read dos header from C:\WINDOWS\System32\WS2_32.dll
[1225/180748.324:ERROR:process_memory_win.cc(73)] ReadMemory at 0x7ffbb7120000 of 64 bytes failed: Only part of a ReadProcessMemory or WriteProcessMemory request was completed. (0x12B)
[1225/180748.324:WARNING:pe_image_reader.cc(340)] could not read dos header from C:\WINDOWS\System32\WINTRUST.dll
[1225/180748.324:ERROR:process_memory_win.cc(73)] ReadMemory at 0x7ffbb6190000 of 64 bytes failed: Only part of a ReadProcessMemory or WriteProcessMemory request was completed. (0x12B)
[1225/180748.324:WARNING:pe_image_reader.cc(340)] could not read dos header from C:\WINDOWS\System32\MSASN1.dll
[1225/180748.324:ERROR:process_memory_win.cc(73)] ReadMemory at 0x7ffbb6930000 of 64 bytes failed: Only part of a ReadProcessMemory or WriteProcessMemory request was completed. (0x12B)
[1225/180748.324:WARNING:pe_image_reader.cc(340)] could not read dos header from C:\WINDOWS\System32\CRYPT32.dll
[1225/180748.324:ERROR:process_memory_win.cc(73)] ReadMemory at 0x7ffbb5670000 of 64 bytes failed: Only part of a ReadProcessMemory or WriteProcessMemory request was completed. (0x12B)
[1225/180748.324:WARNING:pe_image_reader.cc(340)] could not read dos header from C:\WINDOWS\SYSTEM32\IPHLPAPI.DLL
[1225/180748.324:ERROR:process_memory_win.cc(73)] ReadMemory at 0x7ffbb34d0000 of 64 bytes failed: Only part of a ReadProcessMemory or WriteProcessMemory request was completed. (0x12B)
[1225/180748.324:WARNING:pe_image_reader.cc(340)] could not read dos header from C:\WINDOWS\SYSTEM32\WINMM.dll
[1225/180748.324:ERROR:process_memory_win.cc(73)] ReadMemory at 0x7ffbb6010000 of 64 bytes failed: Only part of a ReadProcessMemory or WriteProcessMemory request was completed. (0x12B)
[1225/180748.324:WARNING:pe_image_reader.cc(340)] could not read dos header from C:\WINDOWS\SYSTEM32\USERENV.dll
[1225/180748.324:ERROR:process_memory_win.cc(73)] ReadMemory at 0x7ffbb6170000 of 64 bytes failed: Only part of a ReadProcessMemory or WriteProcessMemory request was completed. (0x12B)
[1225/180748.324:WARNING:pe_image_reader.cc(340)] could not read dos header from C:\WINDOWS\System32\profapi.dll
[1225/180748.324:ERROR:process_memory_win.cc(73)] ReadMemory at 0x7ffba4ae0000 of 64 bytes failed: Only part of a ReadProcessMemory or WriteProcessMemory request was completed. (0x12B)
[1225/180748.324:WARNING:pe_image_reader.cc(340)] could not read dos header from C:\WINDOWS\SYSTEM32\DWrite.dll
[1225/180748.324:ERROR:process_memory_win.cc(73)] ReadMemory at 0x7ffba86b0000 of 64 bytes failed: Only part of a ReadProcessMemory or WriteProcessMemory request was completed. (0x12B)
[1225/180748.324:WARNING:pe_image_reader.cc(340)] could not read dos header from C:\WINDOWS\SYSTEM32\WINSPOOL.DRV
[1225/180748.324:ERROR:process_memory_win.cc(73)] ReadMemory at 0x7ffbb6150000 of 64 bytes failed: Only part of a ReadProcessMemory or WriteProcessMemory request was completed. (0x12B)
[1225/180748.324:WARNING:pe_image_reader.cc(340)] could not read dos header from C:\WINDOWS\System32\kernel.appcore.dll
[1225/180748.324:ERROR:process_memory_win.cc(73)] ReadMemory at 0x7ffbb72a0000 of 64 bytes failed: Only part of a ReadProcessMemory or WriteProcessMemory request was completed. (0x12B)
[1225/180748.347:WARNING:pe_image_reader.cc(340)] could not read dos header from C:\WINDOWS\System32\bcrypt.dll
[1225/180748.347:ERROR:process_memory_win.cc(73)] ReadMemory at 0x7ffbb4780000 of 64 bytes failed: Only part of a ReadProcessMemory or WriteProcessMemory request was completed. (0x12B)
[1225/180748.347:WARNING:pe_image_reader.cc(340)] could not read dos header from C:\WINDOWS\SYSTEM32\dbghelp.dll
[1225/180748.347:ERROR:process_memory_win.cc(73)] ReadMemory at 0x7ffbb5140000 of 64 bytes failed: Only part of a ReadProcessMemory or WriteProcessMemory request was completed. (0x12B)
[1225/180748.347:WARNING:pe_image_reader.cc(340)] could not read dos header from C:\WINDOWS\SYSTEM32\Secur32.dll
[1225/180748.347:ERROR:process_memory_win.cc(73)] ReadMemory at 0x7ffba9f10000 of 64 bytes failed: Only part of a ReadProcessMemory or WriteProcessMemory request was completed. (0x12B)
[1225/180748.347:WARNING:pe_image_reader.cc(340)] could not read dos header from C:\WINDOWS\SYSTEM32\WINHTTP.dll
[1225/180748.347:ERROR:process_memory_win.cc(73)] ReadMemory at 0x7ffbaa6e0000 of 64 bytes failed: Only part of a ReadProcessMemory or WriteProcessMemory request was completed. (0x12B)
[1225/180748.347:WARNING:pe_image_reader.cc(340)] could not read dos header from C:\WINDOWS\SYSTEM32\dhcpcsvc.DLL
[1225/180748.347:ERROR:process_memory_win.cc(73)] ReadMemory at 0x7ffbb81d0000 of 64 bytes failed: Only part of a ReadProcessMemory or WriteProcessMemory request was completed. (0x12B)
[1225/180748.347:WARNING:pe_image_reader.cc(340)] could not read dos header from C:\WINDOWS\System32\NSI.dll
[1225/180748.347:ERROR:process_memory_win.cc(73)] ReadMemory at 0x7ffbb34a0000 of 64 bytes failed: Only part of a ReadProcessMemory or WriteProcessMemory request was completed. (0x12B)
[1225/180748.347:WARNING:pe_image_reader.cc(340)] could not read dos header from C:\WINDOWS\SYSTEM32\WINMMBASE.dll
[1225/180748.347:ERROR:process_memory_win.cc(73)] ReadMemory at 0x7ffbb6a80000 of 64 bytes failed: Only part of a ReadProcessMemory or WriteProcessMemory request was completed. (0x12B)
[1225/180748.347:WARNING:pe_image_reader.cc(340)] could not read dos header from C:\WINDOWS\System32\cfgmgr32.dll
[1225/180748.347:ERROR:process_memory_win.cc(73)] ReadMemory at 0x7ffbb3b10000 of 64 bytes failed: Only part of a ReadProcessMemory or WriteProcessMemory request was completed. (0x12B)
[1225/180748.347:WARNING:pe_image_reader.cc(340)] could not read dos header from C:\WINDOWS\SYSTEM32\PROPSYS.dll
[1225/180748.347:ERROR:process_memory_win.cc(73)] ReadMemory at 0x7ffbb7c50000 of 64 bytes failed: Only part of a ReadProcessMemory or WriteProcessMemory request was completed. (0x12B)
[1225/180748.347:WARNING:pe_image_reader.cc(340)] could not read dos header from C:\WINDOWS\System32\shcore.dll
[1225/180748.347:ERROR:process_memory_win.cc(73)] ReadMemory at 0x7ffbb5fe0000 of 64 bytes failed: Only part of a ReadProcessMemory or WriteProcessMemory request was completed. (0x12B)
[1225/180748.347:WARNING:pe_image_reader.cc(340)] could not read dos header from C:\WINDOWS\SYSTEM32\SSPICLI.DLL
[1225/180748.347:ERROR:process_memory_win.cc(73)] ReadMemory at 0x7ffbb5b30000 of 64 bytes failed: Only part of a ReadProcessMemory or WriteProcessMemory request was completed. (0x12B)
[1225/180748.347:WARNING:pe_image_reader.cc(340)] could not read dos header from C:\WINDOWS\SYSTEM32\CRYPTBASE.DLL
[1225/180748.347:ERROR:process_memory_win.cc(73)] ReadMemory at 0x7ff7ef460000 of 64 bytes failed: Only part of a ReadProcessMemory or WriteProcessMemory request was completed. (0x12B)
[1225/180748.347:WARNING:pe_image_reader.cc(340)] could not read dos header from C:\Program Files (x86)\Google\Chrome\Application\chrome.exe
[1225/180748.347:ERROR:process_memory_win.cc(73)] ReadMemory at 0x7ffbb9220000 of 64 bytes failed: Only part of a ReadProcessMemory or WriteProcessMemory request was completed. (0x12B)
[1225/180748.347:WARNING:pe_image_reader.cc(340)] could not read dos header from C:\WINDOWS\SYSTEM32\ntdll.dll
[1225/180748.347:ERROR:process_memory_win.cc(73)] ReadMemory at 0x7ffbb7a90000 of 64 bytes failed: Only part of a ReadProcessMemory or WriteProcessMemory request was completed. (0x12B)
[1225/180748.347:WARNING:pe_image_reader.cc(340)] could not read dos header from C:\WINDOWS\System32\KERNEL32.DLL
[1225/180748.347:ERROR:process_memory_win.cc(73)] ReadMemory at 0x7ffbb6d70000 of 64 bytes failed: Only part of a ReadProcessMemory or WriteProcessMemory request was completed. (0x12B)
[1225/180748.347:WARNING:pe_image_reader.cc(340)] could not read dos header from C:\WINDOWS\System32\KERNELBASE.dll
[1225/180748.348:ERROR:process_memory_win.cc(73)] ReadMemory at 0x7ffb78b00000 of 64 bytes failed: Only part of a ReadProcessMemory or WriteProcessMemory request was completed. (0x12B)
[1225/180748.348:WARNING:pe_image_reader.cc(340)] could not read dos header from C:\Program Files (x86)\Google\Chrome\Application\79.0.3945.88\chrome_elf.dll
[1225/180748.348:ERROR:process_memory_win.cc(73)] ReadMemory at 0x7ffbb5130000 of 64 bytes failed: Only part of a ReadProcessMemory or WriteProcessMemory request was completed. (0x12B)
[1225/180748.348:WARNING:pe_image_reader.cc(340)] could not read dos header from C:\WINDOWS\SYSTEM32\VERSION.dll
[1225/180748.348:ERROR:process_memory_win.cc(73)] ReadMemory at 0x7ffbb73f0000 of 64 bytes failed: Only part of a ReadProcessMemory or WriteProcessMemory request was completed. (0x12B)
[1225/180748.348:WARNING:pe_image_reader.cc(340)] could not read dos header from C:\WINDOWS\System32\msvcrt.dll
[1225/180748.348:ERROR:process_memory_win.cc(73)] ReadMemory at 0x7ffbb7220000 of 64 bytes failed: Only part of a ReadProcessMemory or WriteProcessMemory request was completed. (0x12B)
[1225/180748.348:WARNING:pe_image_reader.cc(340)] could not read dos header from C:\WINDOWS\System32\bcryptPrimitives.dll
[1225/180748.348:ERROR:process_memory_win.cc(73)] ReadMemory at 0x7ffbb7490000 of 64 bytes failed: Only part of a ReadProcessMemory or WriteProcessMemory request was completed. (0x12B)
[1225/180748.348:WARNING:pe_image_reader.cc(340)] could not read dos header from C:\WINDOWS\System32\ADVAPI32.dll
[1225/180748.348:ERROR:process_memory_win.cc(73)] ReadMemory at 0x7ffbb7bb0000 of 64 bytes failed: Only part of a ReadProcessMemory or WriteProcessMemory request was completed. (0x12B)
[1225/180748.348:WARNING:pe_image_reader.cc(340)] could not read dos header from C:\WINDOWS\System32\sechost.dll
[1225/180748.348:ERROR:process_memory_win.cc(73)] ReadMemory at 0x7ffbb72d0000 of 64 bytes failed: Only part of a ReadProcessMemory or WriteProcessMemory request was completed. (0x12B)
[1225/180748.348:WARNING:pe_image_reader.cc(340)] could not read dos header from C:\WINDOWS\System32\RPCRT4.dll
[1225/180748.348:ERROR:process_memory_win.cc(73)] ReadMemory at 0x7ffb6d650000 of 64 bytes failed: Only part of a ReadProcessMemory or WriteProcessMemory request was completed. (0x12B)
[1225/180748.348:WARNING:pe_image_reader.cc(340)] could not read dos header from C:\Program Files (x86)\Google\Chrome\Application\79.0.3945.88\chrome_child.dll
[1225/180748.348:ERROR:process_memory_win.cc(73)] ReadMemory at 0x7ffbb7540000 of 64 bytes failed: Only part of a ReadProcessMemory or WriteProcessMemory request was completed. (0x12B)
[1225/180748.348:WARNING:pe_image_reader.cc(340)] could not read dos header from C:\WINDOWS\System32\OLEAUT32.dll
[1225/180748.348:ERROR:process_memory_win.cc(73)] ReadMemory at 0x7ffbb7180000 of 64 bytes failed: Only part of a ReadProcessMemory or WriteProcessMemory request was completed. (0x12B)
[1225/180748.348:WARNING:pe_image_reader.cc(340)] could not read dos header from C:\WINDOWS\System32\msvcp_win.dll
[1225/180748.348:ERROR:process_memory_win.cc(73)] ReadMemory at 0x7ffbb6c70000 of 64 bytes failed: Only part of a ReadProcessMemory or WriteProcessMemory request was completed. (0x12B)
[1225/180748.348:WARNING:pe_image_reader.cc(340)] could not read dos header from C:\WINDOWS\System32\ucrtbase.dll
[1225/180748.348:ERROR:process_memory_win.cc(73)] ReadMemory at 0x7ffbb7750000 of 64 bytes failed: Only part of a ReadProcessMemory or WriteProcessMemory request was completed. (0x12B)
[1225/180748.348:WARNING:pe_image_reader.cc(340)] could not read dos header from C:\WINDOWS\System32\combase.dll
[1225/180748.348:ERROR:process_memory_win.cc(73)] ReadMemory at 0x7ffbb7f00000 of 64 bytes failed: Only part of a ReadProcessMemory or WriteProcessMemory request was completed. (0x12B)
[1225/180748.348:WARNING:pe_image_reader.cc(340)] could not read dos header from C:\WINDOWS\System32\WS2_32.dll
[1225/180748.348:ERROR:process_memory_win.cc(73)] ReadMemory at 0x7ffbb7120000 of 64 bytes failed: Only part of a ReadProcessMemory or WriteProcessMemory request was completed. (0x12B)
[1225/180748.348:WARNING:pe_image_reader.cc(340)] could not read dos header from C:\WINDOWS\System32\WINTRUST.dll
[1225/180748.348:ERROR:process_memory_win.cc(73)] ReadMemory at 0x7ffbb6190000 of 64 bytes failed: Only part of a ReadProcessMemory or WriteProcessMemory request was completed. (0x12B)
[1225/180748.348:WARNING:pe_image_reader.cc(340)] could not read dos header from C:\WINDOWS\System32\MSASN1.dll
[1225/180748.348:ERROR:process_memory_win.cc(73)] ReadMemory at 0x7ffbb6930000 of 64 bytes failed: Only part of a ReadProcessMemory or WriteProcessMemory request was completed. (0x12B)
[1225/180748.348:WARNING:pe_image_reader.cc(340)] could not read dos header from C:\WINDOWS\System32\CRYPT32.dll
[1225/180748.348:ERROR:process_memory_win.cc(73)] ReadMemory at 0x7ffbb5670000 of 64 bytes failed: Only part of a ReadProcessMemory or WriteProcessMemory request was completed. (0x12B)
[1225/180748.348:WARNING:pe_image_reader.cc(340)] could not read dos header from C:\WINDOWS\SYSTEM32\IPHLPAPI.DLL
[1225/180748.349:ERROR:process_memory_win.cc(73)] ReadMemory at 0x7ffbb34d0000 of 64 bytes failed: Only part of a ReadProcessMemory or WriteProcessMemory request was completed. (0x12B)
[1225/180748.349:WARNING:pe_image_reader.cc(340)] could not read dos header from C:\WINDOWS\SYSTEM32\WINMM.dll
[1225/180748.349:ERROR:process_memory_win.cc(73)] ReadMemory at 0x7ffbb6010000 of 64 bytes failed: Only part of a ReadProcessMemory or WriteProcessMemory request was completed. (0x12B)
[1225/180748.349:WARNING:pe_image_reader.cc(340)] could not read dos header from C:\WINDOWS\SYSTEM32\USERENV.dll
[1225/180748.349:ERROR:process_memory_win.cc(73)] ReadMemory at 0x7ffbb6170000 of 64 bytes failed: Only part of a ReadProcessMemory or WriteProcessMemory request was completed. (0x12B)
[1225/180748.349:WARNING:pe_image_reader.cc(340)] could not read dos header from C:\WINDOWS\System32\profapi.dll
[1225/180748.349:ERROR:process_memory_win.cc(73)] ReadMemory at 0x7ffba4ae0000 of 64 bytes failed: Only part of a ReadProcessMemory or WriteProcessMemory request was completed. (0x12B)
[1225/180748.349:WARNING:pe_image_reader.cc(340)] could not read dos header from C:\WINDOWS\SYSTEM32\DWrite.dll
[1225/180748.349:ERROR:process_memory_win.cc(73)] ReadMemory at 0x7ffba86b0000 of 64 bytes failed: Only part of a ReadProcessMemory or WriteProcessMemory request was completed. (0x12B)
[1225/180748.349:WARNING:pe_image_reader.cc(340)] could not read dos header from C:\WINDOWS\SYSTEM32\WINSPOOL.DRV
[1225/180748.349:ERROR:process_memory_win.cc(73)] ReadMemory at 0x7ffbb6150000 of 64 bytes failed: Only part of a ReadProcessMemory or WriteProcessMemory request was completed. (0x12B)
[1225/180748.349:WARNING:pe_image_reader.cc(340)] could not read dos header from C:\WINDOWS\System32\kernel.appcore.dll
[1225/180748.349:ERROR:process_memory_win.cc(73)] ReadMemory at 0x7ffbb72a0000 of 64 bytes failed: Only part of a ReadProcessMemory or WriteProcessMemory request was completed. (0x12B)
[1225/180748.349:WARNING:pe_image_reader.cc(340)] could not read dos header from C:\WINDOWS\System32\bcrypt.dll
[1225/180748.349:ERROR:process_memory_win.cc(73)] ReadMemory at 0x7ffbb4780000 of 64 bytes failed: Only part of a ReadProcessMemory or WriteProcessMemory request was completed. (0x12B)
[1225/180748.349:WARNING:pe_image_reader.cc(340)] could not read dos header from C:\WINDOWS\SYSTEM32\dbghelp.dll
[1225/180748.349:ERROR:process_memory_win.cc(73)] ReadMemory at 0x7ffbb5140000 of 64 bytes failed: Only part of a ReadProcessMemory or WriteProcessMemory request was completed. (0x12B)
[1225/180748.349:WARNING:pe_image_reader.cc(340)] could not read dos header from C:\WINDOWS\SYSTEM32\Secur32.dll
[1225/180748.349:ERROR:process_memory_win.cc(73)] ReadMemory at 0x7ffba9f10000 of 64 bytes failed: Only part of a ReadProcessMemory or WriteProcessMemory request was completed. (0x12B)
[1225/180748.349:WARNING:pe_image_reader.cc(340)] could not read dos header from C:\WINDOWS\SYSTEM32\WINHTTP.dll
[1225/180748.349:ERROR:process_memory_win.cc(73)] ReadMemory at 0x7ffbaa6e0000 of 64 bytes failed: Only part of a ReadProcessMemory or WriteProcessMemory request was completed. (0x12B)
[1225/180748.349:WARNING:pe_image_reader.cc(340)] could not read dos header from C:\WINDOWS\SYSTEM32\dhcpcsvc.DLL
[1225/180748.349:ERROR:process_memory_win.cc(73)] ReadMemory at 0x7ffbb81d0000 of 64 bytes failed: Only part of a ReadProcessMemory or WriteProcessMemory request was completed. (0x12B)
[1225/180748.349:WARNING:pe_image_reader.cc(340)] could not read dos header from C:\WINDOWS\System32\NSI.dll
[1225/180748.349:ERROR:process_memory_win.cc(73)] ReadMemory at 0x7ffbb34a0000 of 64 bytes failed: Only part of a ReadProcessMemory or WriteProcessMemory request was completed. (0x12B)
[1225/180748.349:WARNING:pe_image_reader.cc(340)] could not read dos header from C:\WINDOWS\SYSTEM32\WINMMBASE.dll
[1225/180748.349:ERROR:process_memory_win.cc(73)] ReadMemory at 0x7ffbb6a80000 of 64 bytes failed: Only part of a ReadProcessMemory or WriteProcessMemory request was completed. (0x12B)
[1225/180748.349:WARNING:pe_image_reader.cc(340)] could not read dos header from C:\WINDOWS\System32\cfgmgr32.dll
[1225/180748.349:ERROR:process_memory_win.cc(73)] ReadMemory at 0x7ffbb3b10000 of 64 bytes failed: Only part of a ReadProcessMemory or WriteProcessMemory request was completed. (0x12B)
[1225/180748.349:WARNING:pe_image_reader.cc(340)] could not read dos header from C:\WINDOWS\SYSTEM32\PROPSYS.dll
[1225/180748.349:ERROR:process_memory_win.cc(73)] ReadMemory at 0x7ffbb7c50000 of 64 bytes failed: Only part of a ReadProcessMemory or WriteProcessMemory request was completed. (0x12B)
[1225/180748.349:WARNING:pe_image_reader.cc(340)] could not read dos header from C:\WINDOWS\System32\shcore.dll
[1225/180748.349:ERROR:process_memory_win.cc(73)] ReadMemory at 0x7ffbb5fe0000 of 64 bytes failed: Only part of a ReadProcessMemory or WriteProcessMemory request was completed. (0x12B)
[1225/180748.349:WARNING:pe_image_reader.cc(340)] could not read dos header from C:\WINDOWS\SYSTEM32\SSPICLI.DLL
[1225/180748.349:ERROR:process_memory_win.cc(73)] ReadMemory at 0x7ffbb5b30000 of 64 bytes failed: Only part of a ReadProcessMemory or WriteProcessMemory request was completed. (0x12B)
[1225/180748.350:WARNING:pe_image_reader.cc(340)] could not read dos header from C:\WINDOWS\SYSTEM32\CRYPTBASE.DLL
[1225/180749.470:ERROR:process_memory_win.cc(73)] ReadMemory at 0xc6e9bf1000 of 61440 bytes failed: Only part of a ReadProcessMemory or WriteProcessMemory request was completed. (0x12B)
[1225/180749.470:ERROR:process_memory_win.cc(73)] ReadMemory at 0xc6ea3fd000 of 12288 bytes failed: Only part of a ReadProcessMemory or WriteProcessMemory request was completed. (0x12B)
[1225/180749.470:ERROR:process_memory_win.cc(73)] ReadMemory at 0xc6eb3fd000 of 12288 bytes failed: Only part of a ReadProcessMemory or WriteProcessMemory request was completed. (0x12B)
[1225/180749.470:ERROR:process_memory_win.cc(73)] ReadMemory at 0xc6ebbfc000 of 16384 bytes failed: Only part of a ReadProcessMemory or WriteProcessMemory request was completed. (0x12B)
[1225/180749.470:ERROR:process_memory_win.cc(73)] ReadMemory at 0xc6ec3ff000 of 4096 bytes failed: Only part of a ReadProcessMemory or WriteProcessMemory request was completed. (0x12B)
[1225/180749.470:ERROR:process_memory_win.cc(73)] ReadMemory at 0xc6ecbfd000 of 12288 bytes failed: Only part of a ReadProcessMemory or WriteProcessMemory request was completed. (0x12B)
[1225/180749.733:ERROR:process_memory_win.cc(73)] ReadMemory at 0xc6ed3fb000 of 20480 bytes failed: Only part of a ReadProcessMemory or WriteProcessMemory request was completed. (0x12B)
[1225/180749.733:ERROR:process_memory_win.cc(73)] ReadMemory at 0xc6edbfd000 of 12288 bytes failed: Only part of a ReadProcessMemory or WriteProcessMemory request was completed. (0x12B)
[1225/180749.733:ERROR:process_memory_win.cc(73)] ReadMemory at 0xc6eebf8000 of 32768 bytes failed: Only part of a ReadProcessMemory or WriteProcessMemory request was completed. (0x12B)
[1225/180749.733:ERROR:process_memory_win.cc(73)] ReadMemory at 0xc6ef3f4000 of 49152 bytes failed: Only part of a ReadProcessMemory or WriteProcessMemory request was completed. (0x12B)
[1225/180749.734:ERROR:process_memory_win.cc(73)] ReadMemory at 0xc6efbfd000 of 12288 bytes failed: Only part of a ReadProcessMemory or WriteProcessMemory request was completed. (0x12B)
[1225/180749.734:ERROR:process_memory_win.cc(73)] ReadMemory at 0xc6eabfd000 of 12288 bytes failed: Only part of a ReadProcessMemory or WriteProcessMemory request was completed. (0x12B)
[1225/180749.734:ERROR:process_memory_win.cc(73)] ReadMemory at 0xc6f03fa000 of 24576 bytes failed: Only part of a ReadProcessMemory or WriteProcessMemory request was completed. (0x12B)
[1225/180749.734:ERROR:process_memory_win.cc(73)] ReadMemory at 0xc6ee3f6000 of 40960 bytes failed: Only part of a ReadProcessMemory or WriteProcessMemory request was completed. (0x12B)
[1225/180749.734:ERROR:process_memory_win.cc(73)] ReadMemory at 0xc6f0bfc000 of 16384 bytes failed: Only part of a ReadProcessMemory or WriteProcessMemory request was completed. (0x12B)
[1225/180750.004:ERROR:process_memory_win.cc(73)] ReadMemory at 0xc6e9200000 of 6024 bytes failed: Only part of a ReadProcessMemory or WriteProcessMemory request was completed. (0x12B)
[1225/180750.004:ERROR:process_memory_win.cc(73)] ReadMemory at 0xc6e9204000 of 6024 bytes failed: Only part of a ReadProcessMemory or WriteProcessMemory request was completed. (0x12B)
[1225/180750.004:ERROR:process_memory_win.cc(73)] ReadMemory at 0xc6e9206000 of 6024 bytes failed: Only part of a ReadProcessMemory or WriteProcessMemory request was completed. (0x12B)
[1225/180750.004:ERROR:process_memory_win.cc(73)] ReadMemory at 0xc6e9208000 of 6024 bytes failed: Only part of a ReadProcessMemory or WriteProcessMemory request was completed. (0x12B)
[1225/180750.005:ERROR:process_memory_win.cc(73)] ReadMemory at 0xc6e920a000 of 6024 bytes failed: Only part of a ReadProcessMemory or WriteProcessMemory request was completed. (0x12B)
[1225/180750.005:ERROR:process_memory_win.cc(73)] ReadMemory at 0xc6e920c000 of 6024 bytes failed: Only part of a ReadProcessMemory or WriteProcessMemory request was completed. (0x12B)
[1225/180750.005:ERROR:process_memory_win.cc(73)] ReadMemory at 0xc6e920e000 of 6024 bytes failed: Only part of a ReadProcessMemory or WriteProcessMemory request was completed. (0x12B)
[1225/180750.005:ERROR:process_memory_win.cc(73)] ReadMemory at 0xc6e9212000 of 6024 bytes failed: Only part of a ReadProcessMemory or WriteProcessMemory request was completed. (0x12B)
[1225/180750.005:ERROR:process_memory_win.cc(73)] ReadMemory at 0xc6e9214000 of 6024 bytes failed: Only part of a ReadProcessMemory or WriteProcessMemory request was completed. (0x12B)
[1225/180750.005:ERROR:process_memory_win.cc(73)] ReadMemory at 0xc6e9216000 of 6024 bytes failed: Only part of a ReadProcessMemory or WriteProcessMemory request was completed. (0x12B)
[1225/180750.107:ERROR:process_memory_win.cc(73)] ReadMemory at 0xc6e9220000 of 6024 bytes failed: Only part of a ReadProcessMemory or WriteProcessMemory request was completed. (0x12B)
[1225/180750.107:ERROR:process_memory_win.cc(73)] ReadMemory at 0xc6e9228000 of 6024 bytes failed: Only part of a ReadProcessMemory or WriteProcessMemory request was completed. (0x12B)
[1225/180750.107:ERROR:process_memory_win.cc(73)] ReadMemory at 0xc6e922a000 of 6024 bytes failed: Only part of a ReadProcessMemory or WriteProcessMemory request was completed. (0x12B)
[1225/180750.107:ERROR:process_memory_win.cc(73)] ReadMemory at 0xc6e922c000 of 6024 bytes failed: Only part of a ReadProcessMemory or WriteProcessMemory request was completed. (0x12B)
[1225/180750.108:ERROR:process_memory_win.cc(73)] ReadMemory at 0xc6e93fd000 of 852 bytes failed: Only part of a ReadProcessMemory or WriteProcessMemory request was completed. (0x12B)
[1225/180750.108:ERROR:process_memory_win.cc(73)] ReadMemory at 0xc6e93fe000 of 6024 bytes failed: Only part of a ReadProcessMemory or WriteProcessMemory request was completed. (0x12B)
[1225/180750.108:ERROR:process_memory_win.cc(73)] ReadMemory at 0x29888cd0750 of 80 bytes failed: Only part of a ReadProcessMemory or WriteProcessMemory request was completed. (0x12B)
[1225/180750.108:ERROR:process_memory_win.cc(73)] ReadMemory at 0x29888cd0fe0 of 18568 bytes failed: Only part of a ReadProcessMemory or WriteProcessMemory request was completed. (0x12B)
[1225/180750.108:ERROR:process_memory_win.cc(73)] ReadMemory at 0x29888cd5870 of 1012 bytes failed: Only part of a ReadProcessMemory or WriteProcessMemory request was completed. (0x12B)
[1225/180750.108:ERROR:process_memory_win.cc(73)] ReadMemory at 0x29888cd5eb8 of 118 bytes failed: Only part of a ReadProcessMemory or WriteProcessMemory request was completed. (0x12B)
[1225/180750.108:ERROR:process_memory_win.cc(73)] ReadMemory at 0x29888cd5f30 of 898 bytes failed: Only part of a ReadProcessMemory or WriteProcessMemory request was completed. (0x12B)
[1225/180750.197:ERROR:process_memory_win.cc(73)] ReadMemory at 0x29888cd62b4 of 118 bytes failed: Only part of a ReadProcessMemory or WriteProcessMemory request was completed. (0x12B)
[1225/180750.317:ERROR:process_memory_win.cc(73)] ReadMemory at 0x29888cd632c of 96 bytes failed: Only part of a ReadProcessMemory or WriteProcessMemory request was completed. (0x12B)
[1225/180750.413:ERROR:process_memory_win.cc(73)] ReadMemory at 0x29888cd63a0 of 58 bytes failed: Only part of a ReadProcessMemory or WriteProcessMemory request was completed. (0x12B)
[1225/180750.413:ERROR:process_memory_win.cc(73)] ReadMemory at 0x29888cd64a0 of 132 bytes failed: Only part of a ReadProcessMemory or WriteProcessMemory request was completed. (0x12B)
[1225/180750.413:ERROR:process_memory_win.cc(73)] ReadMemory at 0x29888cd6630 of 132 bytes failed: Only part of a ReadProcessMemory or WriteProcessMemory request was completed. (0x12B)
[1225/180750.414:ERROR:process_memory_win.cc(73)] ReadMemory at 0x29888cd67f0 of 124 bytes failed: Only part of a ReadProcessMemory or WriteProcessMemory request was completed. (0x12B)
[1225/180750.414:ERROR:process_memory_win.cc(73)] ReadMemory at 0x29888cd6bd0 of 132 bytes failed: Only part of a ReadProcessMemory or WriteProcessMemory request was completed. (0x12B)
[1225/180750.414:ERROR:process_memory_win.cc(73)] ReadMemory at 0x29888cd6d60 of 64 bytes failed: Only part of a ReadProcessMemory or WriteProcessMemory request was completed. (0x12B)
[1225/180750.414:ERROR:process_memory_win.cc(73)] ReadMemory at 0x29888cd6f20 of 132 bytes failed: Only part of a ReadProcessMemory or WriteProcessMemory request was completed. (0x12B)
[1225/180750.414:ERROR:process_memory_win.cc(73)] ReadMemory at 0x29888cd71c0 of 132 bytes failed: Only part of a ReadProcessMemory or WriteProcessMemory request was completed. (0x12B)
[1225/180750.414:ERROR:process_memory_win.cc(73)] ReadMemory at 0x29888cd7350 of 68 bytes failed: Only part of a ReadProcessMemory or WriteProcessMemory request was completed. (0x12B)
[1225/180750.415:ERROR:process_memory_win.cc(73)] ReadMemory at 0x29888cd8460 of 132 bytes failed: Only part of a ReadProcessMemory or WriteProcessMemory request was completed. (0x12B)
[1225/180750.415:ERROR:process_memory_win.cc(73)] ReadMemory at 0x29888cd85f0 of 152 bytes failed: Only part of a ReadProcessMemory or WriteProcessMemory request was completed. (0x12B)
[1225/180750.564:ERROR:process_memory_win.cc(73)] ReadMemory at 0x29888cd9410 of 62 bytes failed: Only part of a ReadProcessMemory or WriteProcessMemory request was completed. (0x12B)
[1225/180751.721:ERROR:process_memory_win.cc(73)] ReadMemory at 0x29888cd9490 of 156 bytes failed: Only part of a ReadProcessMemory or WriteProcessMemory request was completed. (0x12B)
[1225/180752.603:ERROR:process_memory_win.cc(73)] ReadMemory at 0x29888cd9570 of 132 bytes failed: Only part of a ReadProcessMemory or WriteProcessMemory request was completed. (0x12B)
[1225/180752.603:ERROR:process_memory_win.cc(73)] ReadMemory at 0x29888cd9700 of 60 bytes failed: Only part of a ReadProcessMemory or WriteProcessMemory request was completed. (0x12B)
[1225/180752.603:ERROR:process_memory_win.cc(73)] ReadMemory at 0x29888cd9de0 of 132 bytes failed: Only part of a ReadProcessMemory or WriteProcessMemory request was completed. (0x12B)
[1225/180752.603:ERROR:process_memory_win.cc(73)] ReadMemory at 0x29888cdb140 of 132 bytes failed: Only part of a ReadProcessMemory or WriteProcessMemory request was completed. (0x12B)
[1225/180752.603:ERROR:process_memory_win.cc(73)] ReadMemory at 0x29888cdb350 of 132 bytes failed: Only part of a ReadProcessMemory or WriteProcessMemory request was completed. (0x12B)
[1225/180752.604:ERROR:process_memory_win.cc(73)] ReadMemory at 0x29888cdb630 of 132 bytes failed: Only part of a ReadProcessMemory or WriteProcessMemory request was completed. (0x12B)
[1225/180752.604:ERROR:process_memory_win.cc(73)] ReadMemory at 0x29888cdb980 of 132 bytes failed: Only part of a ReadProcessMemory or WriteProcessMemory request was completed. (0x12B)
[1225/180752.604:ERROR:process_memory_win.cc(73)] ReadMemory at 0x29888cde920 of 64 bytes failed: Only part of a ReadProcessMemory or WriteProcessMemory request was completed. (0x12B)
[1225/180752.604:ERROR:process_memory_win.cc(73)] ReadMemory at 0x29888cde9c0 of 64 bytes failed: Only part of a ReadProcessMemory or WriteProcessMemory request was completed. (0x12B)
[1225/180752.604:ERROR:process_memory_win.cc(73)] ReadMemory at 0x29888cdeab0 of 62 bytes failed: Only part of a ReadProcessMemory or WriteProcessMemory request was completed. (0x12B)
[1225/180752.604:ERROR:process_memory_win.cc(73)] ReadMemory at 0x29888cded30 of 64 bytes failed: Only part of a ReadProcessMemory or WriteProcessMemory request was completed. (0x12B)
[1225/180752.604:ERROR:process_memory_win.cc(73)] ReadMemory at 0x29888cded80 of 66 bytes failed: Only part of a ReadProcessMemory or WriteProcessMemory request was completed. (0x12B)
[1225/180752.604:ERROR:process_memory_win.cc(73)] ReadMemory at 0x29888cdedd0 of 64 bytes failed: Only part of a ReadProcessMemory or WriteProcessMemory request was completed. (0x12B)
[1225/180752.605:ERROR:process_memory_win.cc(73)] ReadMemory at 0x29888cdee70 of 62 bytes failed: Only part of a ReadProcessMemory or WriteProcessMemory request was completed. (0x12B)
[1225/180752.605:ERROR:process_memory_win.cc(73)] ReadMemory at 0x29888cdeec0 of 60 bytes failed: Only part of a ReadProcessMemory or WriteProcessMemory request was completed. (0x12B)
[1225/180752.605:ERROR:process_memory_win.cc(73)] ReadMemory at 0x29888cdef10 of 60 bytes failed: Only part of a ReadProcessMemory or WriteProcessMemory request was completed. (0x12B)
[1225/180752.936:ERROR:process_memory_win.cc(73)] ReadMemory at 0x29888cdf090 of 132 bytes failed: Only part of a ReadProcessMemory or WriteProcessMemory request was completed. (0x12B)
[1225/180752.937:ERROR:process_memory_win.cc(73)] ReadMemory at 0x29888cdf1c0 of 132 bytes failed: Only part of a ReadProcessMemory or WriteProcessMemory request was completed. (0x12B)
[1225/180753.041:ERROR:process_memory_win.cc(73)] ReadMemory at 0x29888cdf2f0 of 132 bytes failed: Only part of a ReadProcessMemory or WriteProcessMemory request was completed. (0x12B)
[1225/180753.116:ERROR:process_memory_win.cc(73)] ReadMemory at 0x29888cdf420 of 132 bytes failed: Only part of a ReadProcessMemory or WriteProcessMemory request was completed. (0x12B)
[1225/180753.124:ERROR:process_memory_win.cc(73)] ReadMemory at 0x29888cdf550 of 132 bytes failed: Only part of a ReadProcessMemory or WriteProcessMemory request was completed. (0x12B)
[1225/180753.126:ERROR:process_memory_win.cc(73)] ReadMemory at 0x29888cdf680 of 132 bytes failed: Only part of a ReadProcessMemory or WriteProcessMemory request was completed. (0x12B)
[1225/180753.126:ERROR:process_memory_win.cc(73)] ReadMemory at 0x29888cdf7b0 of 132 bytes failed: Only part of a ReadProcessMemory or WriteProcessMemory request was completed. (0x12B)
[1225/180753.126:ERROR:process_memory_win.cc(73)] ReadMemory at 0x29888cdf8e0 of 132 bytes failed: Only part of a ReadProcessMemory or WriteProcessMemory request was completed. (0x12B)
[1225/180753.128:ERROR:process_memory_win.cc(73)] ReadMemory at 0x29888cdfa10 of 132 bytes failed: Only part of a ReadProcessMemory or WriteProcessMemory request was completed. (0x12B)
[1225/180753.129:ERROR:process_memory_win.cc(73)] ReadMemory at 0x29888cdfb40 of 132 bytes failed: Only part of a ReadProcessMemory or WriteProcessMemory request was completed. (0x12B)
[1225/180753.129:ERROR:process_memory_win.cc(73)] ReadMemory at 0x29888cdfc70 of 132 bytes failed: Only part of a ReadProcessMemory or WriteProcessMemory request was completed. (0x12B)
[1225/180753.130:ERROR:process_memory_win.cc(73)] ReadMemory at 0x29888cdfed0 of 132 bytes failed: Only part of a ReadProcessMemory or WriteProcessMemory request was completed. (0x12B)
[1225/180753.131:ERROR:process_memory_win.cc(73)] ReadMemory at 0x29888ce3fb0 of 54 bytes failed: Only part of a ReadProcessMemory or WriteProcessMemory request was completed. (0x12B)
[1225/180753.132:ERROR:process_memory_win.cc(73)] ReadMemory at 0x29888ce4790 of 132 bytes failed: Only part of a ReadProcessMemory or WriteProcessMemory request was completed. (0x12B)
[1225/180753.261:ERROR:process_memory_win.cc(73)] ReadMemory at 0x29888ce5570 of 132 bytes failed: Only part of a ReadProcessMemory or WriteProcessMemory request was completed. (0x12B)
[1225/180753.563:ERROR:process_memory_win.cc(73)] ReadMemory at 0x29888ce56a0 of 132 bytes failed: Only part of a ReadProcessMemory or WriteProcessMemory request was completed. (0x12B)
[1225/180753.563:ERROR:process_memory_win.cc(73)] ReadMemory at 0x29888ce7600 of 76 bytes failed: Only part of a ReadProcessMemory or WriteProcessMemory request was completed. (0x12B)
[1225/180753.563:ERROR:process_memory_win.cc(73)] ReadMemory at 0x29888ce7e70 of 62 bytes failed: Only part of a ReadProcessMemory or WriteProcessMemory request was completed. (0x12B)
[1225/180753.563:ERROR:process_memory_win.cc(73)] ReadMemory at 0x29888ce7ec0 of 60 bytes failed: Only part of a ReadProcessMemory or WriteProcessMemory request was completed. (0x12B)
[1225/180753.563:ERROR:process_memory_win.cc(73)] ReadMemory at 0x29888ce7fb0 of 66 bytes failed: Only part of a ReadProcessMemory or WriteProcessMemory request was completed. (0x12B)
[1225/180753.595:ERROR:process_memory_win.cc(73)] ReadMemory at 0x29888ce8050 of 62 bytes failed: Only part of a ReadProcessMemory or WriteProcessMemory request was completed. (0x12B)
[1225/180753.596:ERROR:process_memory_win.cc(73)] ReadMemory at 0x29888ce80f0 of 58 bytes failed: Only part of a ReadProcessMemory or WriteProcessMemory request was completed. (0x12B)
[1225/180753.596:ERROR:process_memory_win.cc(73)] ReadMemory at 0x29888ce8140 of 62 bytes failed: Only part of a ReadProcessMemory or WriteProcessMemory request was completed. (0x12B)
[1225/180753.596:ERROR:process_memory_win.cc(73)] ReadMemory at 0x29888ce8190 of 62 bytes failed: Only part of a ReadProcessMemory or WriteProcessMemory request was completed. (0x12B)
[1225/180753.596:ERROR:process_memory_win.cc(73)] ReadMemory at 0x29888ce8370 of 62 bytes failed: Only part of a ReadProcessMemory or WriteProcessMemory request was completed. (0x12B)
[1225/180753.596:ERROR:process_memory_win.cc(73)] ReadMemory at 0x29888ce8410 of 62 bytes failed: Only part of a ReadProcessMemory or WriteProcessMemory request was completed. (0x12B)
[1225/180753.596:ERROR:process_memory_win.cc(73)] ReadMemory at 0x29888ce84b0 of 60 bytes failed: Only part of a ReadProcessMemory or WriteProcessMemory request was completed. (0x12B)
[1225/180753.596:ERROR:process_memory_win.cc(73)] ReadMemory at 0x29888ce85a0 of 64 bytes failed: Only part of a ReadProcessMemory or WriteProcessMemory request was completed. (0x12B)
[1225/180753.596:ERROR:process_memory_win.cc(73)] ReadMemory at 0x29888ce85f0 of 60 bytes failed: Only part of a ReadProcessMemory or WriteProcessMemory request was completed. (0x12B)
[1225/180753.596:ERROR:process_memory_win.cc(73)] ReadMemory at 0x29888ce8640 of 64 bytes failed: Only part of a ReadProcessMemory or WriteProcessMemory request was completed. (0x12B)
[1225/180753.597:ERROR:process_memory_win.cc(73)] ReadMemory at 0x29888ce88c0 of 64 bytes failed: Only part of a ReadProcessMemory or WriteProcessMemory request was completed. (0x12B)
[1225/180753.597:ERROR:process_memory_win.cc(73)] ReadMemory at 0x29888ce8960 of 60 bytes failed: Only part of a ReadProcessMemory or WriteProcessMemory request was completed. (0x12B)
[1225/180753.597:ERROR:process_memory_win.cc(73)] ReadMemory at 0x29888ce89b0 of 64 bytes failed: Only part of a ReadProcessMemory or WriteProcessMemory request was completed. (0x12B)
[1225/180753.597:ERROR:process_memory_win.cc(73)] ReadMemory at 0x29888ce8cd0 of 62 bytes failed: Only part of a ReadProcessMemory or WriteProcessMemory request was completed. (0x12B)
[1225/180753.597:ERROR:process_memory_win.cc(73)] ReadMemory at 0x29888ce8d20 of 62 bytes failed: Only part of a ReadProcessMemory or WriteProcessMemory request was completed. (0x12B)
[1225/180753.597:ERROR:process_memory_win.cc(73)] ReadMemory at 0x29888ceab50 of 132 bytes failed: Only part of a ReadProcessMemory or WriteProcessMemory request was completed. (0x12B)
[1225/180753.597:ERROR:process_memory_win.cc(73)] ReadMemory at 0x29888ceaea0 of 132 bytes failed: Only part of a ReadProcessMemory or WriteProcessMemory request was completed. (0x12B)
[1225/180753.597:ERROR:process_memory_win.cc(73)] ReadMemory at 0x29888cecff0 of 132 bytes failed: Only part of a ReadProcessMemory or WriteProcessMemory request was completed. (0x12B)
[1225/180753.597:ERROR:process_memory_win.cc(73)] ReadMemory at 0x29888ced120 of 132 bytes failed: Only part of a ReadProcessMemory or WriteProcessMemory request was completed. (0x12B)
[1225/180753.597:ERROR:process_memory_win.cc(73)] ReadMemory at 0x29888ced250 of 132 bytes failed: Only part of a ReadProcessMemory or WriteProcessMemory request was completed. (0x12B)
[1225/180753.597:ERROR:process_memory_win.cc(73)] ReadMemory at 0x29888ced5e0 of 132 bytes failed: Only part of a ReadProcessMemory or WriteProcessMemory request was completed. (0x12B)
[1225/180753.688:ERROR:process_memory_win.cc(73)] ReadMemory at 0x29888cedd00 of 132 bytes failed: Only part of a ReadProcessMemory or WriteProcessMemory request was completed. (0x12B)
[1225/180753.688:ERROR:process_memory_win.cc(73)] ReadMemory at 0x29888cede30 of 132 bytes failed: Only part of a ReadProcessMemory or WriteProcessMemory request was completed. (0x12B)
[1225/180753.688:ERROR:process_memory_win.cc(73)] ReadMemory at 0x29888cee550 of 132 bytes failed: Only part of a ReadProcessMemory or WriteProcessMemory request was completed. (0x12B)
[1225/180753.689:ERROR:process_memory_win.cc(73)] ReadMemory at 0x29888cee680 of 132 bytes failed: Only part of a ReadProcessMemory or WriteProcessMemory request was completed. (0x12B)
[1225/180753.689:ERROR:process_memory_win.cc(73)] ReadMemory at 0x29888ceec70 of 132 bytes failed: Only part of a ReadProcessMemory or WriteProcessMemory request was completed. (0x12B)
[1225/180753.689:ERROR:process_memory_win.cc(73)] ReadMemory at 0x29888d01fe0 of 512 bytes failed: Only part of a ReadProcessMemory or WriteProcessMemory request was completed. (0x12B)
[1225/180753.689:ERROR:process_memory_win.cc(73)] ReadMemory at 0x29888d02b30 of 512 bytes failed: Only part of a ReadProcessMemory or WriteProcessMemory request was completed. (0x12B)
[1225/180753.689:ERROR:process_memory_win.cc(73)] ReadMemory at 0x29889140450 of 512 bytes failed: Only part of a ReadProcessMemory or WriteProcessMemory request was completed. (0x12B)
[1225/180753.689:ERROR:process_memory_win.cc(73)] ReadMemory at 0x29889153d88 of 512 bytes failed: Only part of a ReadProcessMemory or WriteProcessMemory request was completed. (0x12B)
[1225/180753.689:ERROR:process_memory_win.cc(73)] ReadMemory at 0x29889155ad0 of 512 bytes failed: Only part of a ReadProcessMemory or WriteProcessMemory request was completed. (0x12B)
[1225/180753.689:ERROR:process_memory_win.cc(73)] ReadMemory at 0x298891853f0 of 712 bytes failed: Only part of a ReadProcessMemory or WriteProcessMemory request was completed. (0x12B)
[1225/180753.689:ERROR:process_memory_win.cc(73)] ReadMemory at 0x298891d0f50 of 512 bytes failed: Only part of a ReadProcessMemory or WriteProcessMemory request was completed. (0x12B)
[1225/180753.712:ERROR:process_memory_win.cc(73)] ReadMemory at 0x2988af32a98 of 512 bytes failed: Only part of a ReadProcessMemory or WriteProcessMemory request was completed. (0x12B)
[1225/180753.712:ERROR:process_memory_win.cc(73)] ReadMemory at 0x2988af5bf30 of 512 bytes failed: Only part of a ReadProcessMemory or WriteProcessMemory request was completed. (0x12B)
[1225/180753.889:ERROR:process_memory_win.cc(73)] ReadMemory at 0x2988af9f848 of 512 bytes failed: Only part of a ReadProcessMemory or WriteProcessMemory request was completed. (0x12B)
[1225/180753.889:ERROR:process_memory_win.cc(73)] ReadMemory at 0x2988af9fc38 of 512 bytes failed: Only part of a ReadProcessMemory or WriteProcessMemory request was completed. (0x12B)
[1225/180753.889:ERROR:process_memory_win.cc(73)] ReadMemory at 0x2988af9fe78 of 512 bytes failed: Only part of a ReadProcessMemory or WriteProcessMemory request was completed. (0x12B)
[1225/180753.889:ERROR:process_memory_win.cc(73)] ReadMemory at 0x2988b083f50 of 512 bytes failed: Only part of a ReadProcessMemory or WriteProcessMemory request was completed. (0x12B)
[1225/180754.805:ERROR:process_memory_win.cc(73)] ReadMemory at 0x2988c0b1b88 of 524 bytes failed: Only part of a ReadProcessMemory or WriteProcessMemory request was completed. (0x12B)
[1225/180754.805:ERROR:process_memory_win.cc(73)] ReadMemory at 0x2988c0d89a0 of 512 bytes failed: Only part of a ReadProcessMemory or WriteProcessMemory request was completed. (0x12B)
[1225/180754.861:ERROR:process_memory_win.cc(73)] ReadMemory at 0x2988c7831e0 of 512 bytes failed: Only part of a ReadProcessMemory or WriteProcessMemory request was completed. (0x12B)
[1225/180754.861:ERROR:process_memory_win.cc(73)] ReadMemory at 0x3ba6867017c8 of 512 bytes failed: Only part of a ReadProcessMemory or WriteProcessMemory request was completed. (0x12B)
[1225/180754.862:ERROR:process_memory_win.cc(73)] ReadMemory at 0x3ba6867217c8 of 512 bytes failed: Only part of a ReadProcessMemory or WriteProcessMemory request was completed. (0x12B)
[1225/180754.862:ERROR:process_memory_win.cc(73)] ReadMemory at 0x7ffb6d650000 of 384 bytes failed: Only part of a ReadProcessMemory or WriteProcessMemory request was completed. (0x12B)
[1225/180754.862:ERROR:process_memory_win.cc(73)] ReadMemory at 0x7ffb6e14f800 of 512 bytes failed: Only part of a ReadProcessMemory or WriteProcessMemory request was completed. (0x12B)
[1225/180754.862:ERROR:process_memory_win.cc(73)] ReadMemory at 0x7ffb6f10eeac of 512 bytes failed: Only part of a ReadProcessMemory or WriteProcessMemory request was completed. (0x12B)
[1225/180754.862:ERROR:process_memory_win.cc(73)] ReadMemory at 0x7ffb71adec4a of 512 bytes failed: Only part of a ReadProcessMemory or WriteProcessMemory request was completed. (0x12B)
[1225/180754.862:ERROR:process_memory_win.cc(73)] ReadMemory at 0x7ffbb6daa7b9 of 512 bytes failed: Only part of a ReadProcessMemory or WriteProcessMemory request was completed. (0x12B)
[1225/180754.869:ERROR:process_memory_win.cc(73)] ReadMemory at 0x7ffbb92bc0c4 of 672 bytes failed: Only part of a ReadProcessMemory or WriteProcessMemory request was completed. (0x12B)
[1225/180754.870:ERROR:process_memory_win.cc(73)] ReadMemory at 0x7ffbb92bc6c4 of 512 bytes failed: Only part of a ReadProcessMemory or WriteProcessMemory request was completed. (0x12B)
[1225/180754.870:ERROR:process_memory_win.cc(73)] ReadMemory at 0x7ffbb92bf974 of 608 bytes failed: Only part of a ReadProcessMemory or WriteProcessMemory request was completed. (0x12B)
[1225/180754.870:ERROR:process_memory_win.cc(73)] ReadMemory at 0x7ffbb934c428 of 18 bytes failed: Only part of a ReadProcessMemory or WriteProcessMemory request was completed. (0x12B)
[1225/180754.870:ERROR:process_memory_win.cc(73)] ReadMemory at 0x7ffbb937f4f8 of 40 bytes failed: Only part of a ReadProcessMemory or WriteProcessMemory request was completed. (0x12B)
[1225/180754.870:ERROR:process_memory_win.cc(73)] ReadMemory at 0x7ffbb937f978 of 48 bytes failed: Only part of a ReadProcessMemory or WriteProcessMemory request was completed. (0x12B)
[1225/180754.870:ERROR:process_memory_win.cc(73)] ReadMemory at 0x7ffbb93853c0 of 64 bytes failed: Only part of a ReadProcessMemory or WriteProcessMemory request was completed. (0x12B)
[1225/180755.741:ERROR:scoped_process_suspend.cc(40)] NtResumeProcess: An attempt was made to access an exiting process. (0xc000010a)
